<?xml version="1.0" encoding="UTF-8"?>
<!-- Generated by org.testng.reporters.JUnitXMLReporter -->
<testsuite ignored="0" hostname="Kochhar" failures="2" tests="8" name="Test" time="101.144" errors="0" timestamp="2026-04-20T14:06:34 EDT">
  <testcase classname="testCases.TC001_AccountRegistrationTest" name="verify_account_registration" time="3.346"/>
  <testcase classname="testCases.TC002_LoginTest" name="verify_login" time="13.367">
    <failure type="java.lang.AssertionError" message="expected [true] but found [false]">
      <![CDATA[java.lang.AssertionError: expected [true] but found [false]
at testCases.TC002_LoginTest.verify_login(TC002_LoginTest.java:35)
at java.base/java.util.ArrayList.forEach(ArrayList.java:1511)
... Removed 35 stack frames]]>
    </failure>
  </testcase> <!-- verify_login -->
  <testcase classname="testCases.TC003_LoginDDT" name="verify_loginDDT" time="12.48">
    <failure type="java.lang.AssertionError" message="expected [true] but found [false]">
      <![CDATA[java.lang.AssertionError: expected [true] but found [false]
at testCases.TC003_LoginDDT.verify_loginDDT(TC003_LoginDDT.java:56)
at java.base/java.util.ArrayList.forEach(ArrayList.java:1511)
... Removed 35 stack frames]]>
    </failure>
  </testcase> <!-- verify_loginDDT -->
  <testcase classname="testCases.TC003_LoginDDT" name="verify_loginDDT" time="6.336"/>
  <testcase classname="testCases.TC003_LoginDDT" name="verify_loginDDT" time="6.625"/>
  <testcase classname="testCases.TC003_LoginDDT" name="verify_loginDDT" time="15.619"/>
  <testcase classname="testCases.TC003_LoginDDT" name="verify_loginDDT" time="6.274"/>
  <testcase classname="testCases.TC003_LoginDDT" name="verify_loginDDT" time="15.664"/>
</testsuite> <!-- Test -->
