<?xml version="1.0" encoding="UTF-8"?>
<!-- Generated by org.testng.reporters.JUnitXMLReporter -->
<testsuite ignored="0" hostname="Kochhar" failures="2" tests="8" name="Test1" time="106.189" errors="0" timestamp="2026-04-16T13:11:34 EDT">
  <testcase classname="testCases.TC001_AccountRegistrationTest" name="verify_account_registration" time="3.498"/>
  <testcase classname="testCases.TC002_LoginTest" name="verify_login" time="17.544">
    <failure type="java.lang.AssertionError" message="expected [true] but found [false]">
      <![CDATA[java.lang.AssertionError: expected [true] but found [false]
at testCases.TC002_LoginTest.verify_login(TC002_LoginTest.java:35)
at java.base/java.util.ArrayList.forEach(ArrayList.java:1511)
... Removed 35 stack frames]]>
    </failure>
  </testcase> <!-- verify_login -->
  <testcase classname="testCases.TC003_LoginDDT" name="verify_loginDDT" time="12.359">
    <failure type="java.lang.AssertionError" message="expected [true] but found [false]">
      <![CDATA[java.lang.AssertionError: expected [true] but found [false]
at testCases.TC003_LoginDDT.verify_loginDDT(TC003_LoginDDT.java:56)
at java.base/java.util.ArrayList.forEach(ArrayList.java:1511)
... Removed 35 stack frames]]>
    </failure>
  </testcase> <!-- verify_loginDDT -->
  <testcase classname="testCases.TC003_LoginDDT" name="verify_loginDDT" time="8.677"/>
  <testcase classname="testCases.TC003_LoginDDT" name="verify_loginDDT" time="8.304"/>
  <testcase classname="testCases.TC003_LoginDDT" name="verify_loginDDT" time="16.545"/>
  <testcase classname="testCases.TC003_LoginDDT" name="verify_loginDDT" time="8.467"/>
  <testcase classname="testCases.TC003_LoginDDT" name="verify_loginDDT" time="14.407"/>
</testsuite> <!-- Test1 -->
